<?xml version="1.0" encoding="UTF-8"?>
<!-- Generated by org.testng.reporters.JUnitXMLReporter -->
<testsuite hostname="LAPTOP-IBKUQGTV" ignored="0" name="MasterTest" tests="8" failures="0" timestamp="2020-05-17T15:04:31 IST" time="113.652" errors="0">
  <testcase name="@BeforeMethod launchbrowser" time="17.307" classname="SeleniumEasy.MasterTestcase">
    <failure type="org.openqa.selenium.ElementNotInteractableException" message="Element &amp;lt;a id=&amp;quot;at-cv-lightbox-close&amp;quot; class=&amp;quot;at4-close&amp;quot; href=&amp;quot;#&amp;quot;&amp;gt; could not be scrolled into view
Build info: version: &amp;apos;3.141.59&amp;apos;, revision: &amp;apos;e82be7d358&amp;apos;, time: &amp;apos;2018-11-14T08:17:03&amp;apos;
System info: host: &amp;apos;LAPTOP-IBKUQGTV&amp;apos;, ip: &amp;apos;192.168.1.6&amp;apos;, os.name: &amp;apos;Windows 10&amp;apos;, os.arch: &amp;apos;amd64&amp;apos;, os.version: &amp;apos;10.0&amp;apos;, java.version: &amp;apos;1.8.0_241&amp;apos;
Driver info: org.openqa.selenium.firefox.FirefoxDriver
Capabilities {acceptInsecureCerts: true, browserName: firefox, browserVersion: 76.0.1, javascriptEnabled: true, moz:accessibilityChecks: false, moz:buildID: 20200507114007, moz:geckodriverVersion: 0.26.0, moz:headless: false, moz:processID: 31508, moz:profile: C:\Users\krish\AppData\Loca..., moz:shutdownTimeout: 60000, moz:useNonSpecCompliantPointerOrigin: false, moz:webdriverClick: true, pageLoadStrategy: normal, platform: WINDOWS, platformName: WINDOWS, platformVersion: 10.0, rotatable: false, setWindowRect: true, strictFileInteractability: false, timeouts: {implicit: 0, pageLoad: 300000, script: 30000}, unhandledPromptBehavior: dismiss and notify}
Session ID: ff885607-9a49-4673-a9f6-b74a4d974591">
      <![CDATA[org.openqa.selenium.ElementNotInteractableException: Element <a id="at-cv-lightbox-close" class="at4-close" href="#"> could not be scrolled into view
Build info: version: '3.141.59', revision: 'e82be7d358', time: '2018-11-14T08:17:03'
System info: host: 'LAPTOP-IBKUQGTV', ip: '192.168.1.6', os.name: 'Windows 10', os.arch: 'amd64', os.version: '10.0', java.version: '1.8.0_241'
Driver info: org.openqa.selenium.firefox.FirefoxDriver
Capabilities {acceptInsecureCerts: true, browserName: firefox, browserVersion: 76.0.1, javascriptEnabled: true, moz:accessibilityChecks: false, moz:buildID: 20200507114007, moz:geckodriverVersion: 0.26.0, moz:headless: false, moz:processID: 31508, moz:profile: C:\Users\krish\AppData\Loca..., moz:shutdownTimeout: 60000, moz:useNonSpecCompliantPointerOrigin: false, moz:webdriverClick: true, pageLoadStrategy: normal, platform: WINDOWS, platformName: WINDOWS, platformVersion: 10.0, rotatable: false, setWindowRect: true, strictFileInteractability: false, timeouts: {implicit: 0, pageLoad: 300000, script: 30000}, unhandledPromptBehavior: dismiss and notify}
Session ID: ff885607-9a49-4673-a9f6-b74a4d974591
at org.openqa.selenium.remote.http.W3CHttpResponseCodec.createException(W3CHttpResponseCodec.java:187)
at org.openqa.selenium.remote.http.W3CHttpResponseCodec.decode(W3CHttpResponseCodec.java:122)
at org.openqa.selenium.remote.http.W3CHttpResponseCodec.decode(W3CHttpResponseCodec.java:49)
at org.openqa.selenium.remote.HttpCommandExecutor.execute(HttpCommandExecutor.java:158)
at org.openqa.selenium.remote.service.DriverCommandExecutor.execute(DriverCommandExecutor.java:83)
at org.openqa.selenium.remote.RemoteWebDriver.execute(RemoteWebDriver.java:552)
at org.openqa.selenium.remote.RemoteWebElement.execute(RemoteWebElement.java:285)
at org.openqa.selenium.remote.RemoteWebElement.click(RemoteWebElement.java:84)
at SeleniumEasy.MasterTestcase.launchbrowser(MasterTestcase.java:36)
at java.util.ArrayList.forEach(Unknown Source)
at java.util.concurrent.FutureTask.run(Unknown Source)
at java.util.concurrent.ThreadPoolExecutor.runWorker(Unknown Source)
at java.util.concurrent.ThreadPoolExecutor$Worker.run(Unknown Source)
at java.lang.Thread.run(Unknown Source)
... Removed 26 stack frames]]>
    </failure>
  </testcase> <!-- @BeforeMethod launchbrowser -->
  <testcase name="@AfterMethod closebrowser" time="-1.58970805742E9" classname="SeleniumEasy.MasterTestcase">
    <skipped/>
  </testcase> <!-- @AfterMethod closebrowser -->
  <testcase name="@BeforeMethod launchbrowser" time="-1.589708057449E9" classname="SeleniumEasy.MasterTestcase">
    <skipped/>
  </testcase> <!-- @BeforeMethod launchbrowser -->
  <testcase name="@AfterMethod closebrowser" time="-1.589708057547E9" classname="SeleniumEasy.MasterTestcase">
    <skipped/>
  </testcase> <!-- @AfterMethod closebrowser -->
  <testcase name="@BeforeMethod launchbrowser" time="-1.58970805756E9" classname="SeleniumEasy.MasterTestcase">
    <skipped/>
  </testcase> <!-- @BeforeMethod launchbrowser -->
  <testcase name="@AfterMethod closebrowser" time="-1.589708057601E9" classname="SeleniumEasy.MasterTestcase">
    <skipped/>
  </testcase> <!-- @AfterMethod closebrowser -->
  <testcase name="@BeforeMethod launchbrowser" time="-1.589708057617E9" classname="SeleniumEasy.MasterTestcase">
    <skipped/>
  </testcase> <!-- @BeforeMethod launchbrowser -->
  <testcase name="@AfterMethod closebrowser" time="-1.589708057639E9" classname="SeleniumEasy.MasterTestcase">
    <skipped/>
  </testcase> <!-- @AfterMethod closebrowser -->
  <testcase name="Additionoftwonumbers" time="2.81" classname="SeleniumEasy.AdditionTest"/>
  <testcase name="SimpleformTest1" time="0.0" classname="SeleniumEasy.MasterTestcase">
    <skipped/>
  </testcase> <!-- SimpleformTest1 -->
  <testcase name="SimpleformTest2" time="0.0" classname="SeleniumEasy.MasterTestcase">
    <skipped/>
  </testcase> <!-- SimpleformTest2 -->
  <testcase name="checkalltestcase" time="0.0" classname="SeleniumEasy.MasterTestcase">
    <skipped/>
  </testcase> <!-- checkalltestcase -->
  <testcase name="checkboxform" time="0.0" classname="SeleniumEasy.MasterTestcase">
    <skipped/>
  </testcase> <!-- checkboxform -->
  <testcase name="Messageverification" time="1.994" classname="SeleniumEasy.MessageverifyTest"/>
  <testcase name="multiplecheckbox" time="1.767" classname="SeleniumEasy.MultipleCheckBoxTest"/>
  <testcase name="Singlecheckboxform" time="1.208" classname="SeleniumEasy.SinglecheckboxTest"/>
</testsuite> <!-- MasterTest -->
